<?xml version="1.0" encoding="UTF-8"?>
<!-- Generated by org.testng.reporters.JUnitReportReporter -->
<testsuite hostname="Pact-PC" failures="0" tests="2" name="homework_ses13.TestNGParameters3" time="0.013" errors="0" timestamp="2023-01-21T14:19:49 GMT+03:00" skipped="0">
  <testcase classname="homework_ses13.TestNGParameters3" name="divide" time="0.012"/>
  <system-out/>
  <testcase classname="homework_ses13.TestNGParameters3" name="mul" time="0.001"/>
  <system-out/>
</testsuite> <!-- homework_ses13.TestNGParameters3 -->
